PixelMaler-Vorlage/app/build/intermediates/manifest_merge_blame_file/debug/manifest-merger-blame-debug-report.txt
1<?xml version="1.0" encoding="utf-8"?>
2<manifest xmlns:android="http://schemas.android.com/apk/res/android"
3    package="ch.apprun.pixelmaler"
4    android:versionCode="1"
5    android:versionName="1.0" >
6
7    <uses-sdk
8        android:minSdkVersion="24"
8-->src/main/AndroidManifest.xml
9        android:targetSdkVersion="33" />
9-->src/main/AndroidManifest.xml
10
11    <uses-permission android:name="android.permission.WRITE_EXTERNAL_STORAGE" />
11-->src/main/AndroidManifest.xml:7:5-81
11-->src/main/AndroidManifest.xml:7:22-78
12
13    <application
13-->src/main/AndroidManifest.xml:9:5-22:19
14        android:allowBackup="true"
14-->src/main/AndroidManifest.xml:10:9-35
15        android:appComponentFactory="androidx.core.app.CoreComponentFactory"
15-->[androidx.core:core:1.8.0] AndroidManifest.xml:24:18-86
16        android:debuggable="true"
17        android:extractNativeLibs="false"
18        android:icon="@mipmap/ic_launcher"
18-->src/main/AndroidManifest.xml:11:9-43
19        android:label="@string/app_name"
19-->src/main/AndroidManifest.xml:12:9-41
20        android:testOnly="true" >
21        <activity
21-->src/main/AndroidManifest.xml:13:9-21:20
22            android:name="ch.apprun.pixelmaler.MainActivity"
22-->src/main/AndroidManifest.xml:14:13-61
23            android:exported="true"
23-->src/main/AndroidManifest.xml:16:13-36
24            android:label="@string/app_name" >
24-->src/main/AndroidManifest.xml:15:13-45
25            <intent-filter>
25-->src/main/AndroidManifest.xml:17:13-20:29
26                <action android:name="android.intent.action.MAIN" />
26-->src/main/AndroidManifest.xml:18:17-69
26-->src/main/AndroidManifest.xml:18:25-66
27
28                <category android:name="android.intent.category.LAUNCHER" />
28-->src/main/AndroidManifest.xml:19:17-77
28-->src/main/AndroidManifest.xml:19:27-74
29            </intent-filter>
30        </activity>
31
32        <provider
32-->[androidx.emoji2:emoji2:1.2.0] AndroidManifest.xml:24:9-32:20
33            android:name="androidx.startup.InitializationProvider"
33-->[androidx.emoji2:emoji2:1.2.0] AndroidManifest.xml:25:13-67
34            android:authorities="ch.apprun.pixelmaler.androidx-startup"
34-->[androidx.emoji2:emoji2:1.2.0] AndroidManifest.xml:26:13-68
35            android:exported="false" >
35-->[androidx.emoji2:emoji2:1.2.0] AndroidManifest.xml:27:13-37
36            <meta-data
36-->[androidx.emoji2:emoji2:1.2.0] AndroidManifest.xml:29:13-31:52
37                android:name="androidx.emoji2.text.EmojiCompatInitializer"
37-->[androidx.emoji2:emoji2:1.2.0] AndroidManifest.xml:30:17-75
38                android:value="androidx.startup" />
38-->[androidx.emoji2:emoji2:1.2.0] AndroidManifest.xml:31:17-49
39            <meta-data
39-->[androidx.lifecycle:lifecycle-process:2.4.1] AndroidManifest.xml:31:13-33:52
40                android:name="androidx.lifecycle.ProcessLifecycleInitializer"
40-->[androidx.lifecycle:lifecycle-process:2.4.1] AndroidManifest.xml:32:17-78
41                android:value="androidx.startup" />
41-->[androidx.lifecycle:lifecycle-process:2.4.1] AndroidManifest.xml:33:17-49
42        </provider>
43    </application>
44
45</manifest>